<?xml version="1.0" encoding="utf-8"?><testsuites><testsuite name="pytest" errors="0" failures="0" skipped="0" tests="434" time="2758.850" timestamp="2025-02-09T13:48:21.551605+01:00" hostname="mac-584.local"><testcase classname="BayesicFitting.test.Test2dFixedModels.Test2dFixedModels" name="testEtalonDriftModel" time="0.005" /><testcase classname="BayesicFitting.test.Test2dFixedModels.Test2dFixedModels" name="testKernel2dModel1" time="0.003" /><testcase classname="BayesicFitting.test.Test2dFixedModels.Test2dFixedModels" name="testKernel2dModel2" time="0.003" /><testcase classname="BayesicFitting.test.Test2dFixedModels.Test2dFixedModels" name="testKernel2dModel3" time="0.004" /><testcase classname="BayesicFitting.test.Test2dFixedModels.Test2dFixedModels" name="testPolySineAmpModel" time="0.000" /><testcase classname="BayesicFitting.test.Test2dFixedModels.Test2dFixedModels" name="testPolySurfaceModel" time="0.004" /><testcase classname="BayesicFitting.test.Test2dFixedModels.Test2dFixedModels" name="testProductModel" time="0.001" /><testcase classname="BayesicFitting.test.Test2dFixedModels.Test2dFixedModels" name="testSurfaceSplinesModel" time="0.000" /><testcase classname="BayesicFitting.test.Test2dModels.Test2dModels" name="testKernel2dModel1" time="0.003" /><testcase classname="BayesicFitting.test.Test2dModels.Test2dModels" name="testKernel2dModel2" time="0.004" /><testcase classname="BayesicFitting.test.Test2dModels.Test2dModels" name="testKernel2dModel3" time="0.004" /><testcase classname="BayesicFitting.test.Test2dModels.Test2dModels" name="testPolySurfaceModel" time="0.006" /><testcase classname="BayesicFitting.test.Test2dModels.Test2dModels" name="testPolySurfaceModel1" time="0.004" /><testcase classname="BayesicFitting.test.Test2dModels.Test2dModels" name="testProductModel" time="0.008" /><testcase classname="BayesicFitting.test.Test2dModels.Test2dModels" name="testSurfaceSplinesModel" time="0.047" /><testcase classname="BayesicFitting.test.Test2dModels.Test2dModels" name="testSurfaceSplinesModel2" time="0.016" /><testcase classname="BayesicFitting.test.TestAmoeba.TestAmoeba" name="test1" time="0.002" /><testcase classname="BayesicFitting.test.TestAmoeba.TestAmoeba" name="test2" time="0.009" /><testcase classname="BayesicFitting.test.TestAmoeba.TestAmoeba" name="test3" time="0.089" /><testcase classname="BayesicFitting.test.TestAmoebaFitter.TestAmoebaFitter" name="testAmoebaFitter" time="0.016" /><testcase classname="BayesicFitting.test.TestAstropyModel.Test" name="test1a" time="0.001" /><testcase classname="BayesicFitting.test.TestAstropyModel.Test" name="test1b" time="0.001" /><testcase classname="BayesicFitting.test.TestAstropyModel.Test" name="test2" time="0.005" /><testcase classname="BayesicFitting.test.TestAstropyModel.Test" name="test3" time="0.007" /><testcase classname="BayesicFitting.test.TestAstropyModel.Test" name="test4" time="23.017" /><testcase classname="BayesicFitting.test.TestAstropyModel.Test" name="test5" time="0.007" /><testcase classname="BayesicFitting.test.TestAstropyModel.Test" name="test6" time="0.007" /><testcase classname="BayesicFitting.test.TestBaseFitter.TestBaseFitter" name="testChiSquared" time="0.001" /><testcase classname="BayesicFitting.test.TestBaseFitter.TestBaseFitter" name="testEvidence" time="0.003" /><testcase classname="BayesicFitting.test.TestBaseFitter.TestBaseFitter" name="testExceptions" time="0.001" /><testcase classname="BayesicFitting.test.TestBaseFitter.TestBaseFitter" name="testHessian" time="0.001" /><testcase classname="BayesicFitting.test.TestBaseFitter.TestBaseFitter" name="testInit" time="0.000" /><testcase classname="BayesicFitting.test.TestBaseFitter.TestBaseFitter" name="testVector" time="0.001" /><testcase classname="BayesicFitting.test.TestBaseModel.TestBaseModel" name="test_init" time="0.000" /><testcase classname="BayesicFitting.test.TestBaseModel.TestBaseModel" name="test_parnames" time="0.001" /><testcase classname="BayesicFitting.test.TestBasicSplinesModel.Test" name="test1" time="0.007" /><testcase classname="BayesicFitting.test.TestBasicSplinesModel.Test" name="test10" time="0.002" /><testcase classname="BayesicFitting.test.TestBasicSplinesModel.Test" name="test2" time="0.009" /><testcase classname="BayesicFitting.test.TestBasicSplinesModel.Test" name="test3" time="0.018" /><testcase classname="BayesicFitting.test.TestBasicSplinesModel.Test" name="test4" time="0.018" /><testcase classname="BayesicFitting.test.TestBasicSplinesModel.Test" name="test4a" time="0.015" /><testcase classname="BayesicFitting.test.TestBasicSplinesModel.Test" name="test4b" time="0.029" /><testcase classname="BayesicFitting.test.TestBasicSplinesModel.Test" name="test4c" time="0.180" /><testcase classname="BayesicFitting.test.TestBasicSplinesModel.Test" name="test6a" time="0.011" /><testcase classname="BayesicFitting.test.TestBasicSplinesModel.Test" name="test6a0" time="0.003" /><testcase classname="BayesicFitting.test.TestBasicSplinesModel.Test" name="test6a1" time="0.005" /><testcase classname="BayesicFitting.test.TestBasicSplinesModel.Test" name="test6a2" time="0.008" /><testcase classname="BayesicFitting.test.TestBasicSplinesModel.Test" name="test6a4" time="0.015" /><testcase classname="BayesicFitting.test.TestBasicSplinesModel.Test" name="test6b" time="0.009" /><testcase classname="BayesicFitting.test.TestBasicSplinesModel.Test" name="test6c" time="0.003" /><testcase classname="BayesicFitting.test.TestBasicSplinesModel.Test" name="test6d" time="0.002" /><testcase classname="BayesicFitting.test.TestBasicSplinesModel.Test" name="test7a" time="0.007" /><testcase classname="BayesicFitting.test.TestBasicSplinesModel.Test" name="test7a0" time="0.002" /><testcase classname="BayesicFitting.test.TestBasicSplinesModel.Test" name="test7a1" time="0.003" /><testcase classname="BayesicFitting.test.TestBasicSplinesModel.Test" name="test7a2" time="0.005" /><testcase classname="BayesicFitting.test.TestBasicSplinesModel.Test" name="test7a4" time="0.009" /><testcase classname="BayesicFitting.test.TestBasicSplinesModel.Test" name="test7b" time="0.006" /><testcase classname="BayesicFitting.test.TestBasicSplinesModel.Test" name="test8a" time="0.009" /><testcase classname="BayesicFitting.test.TestBasicSplinesModel.Test" name="test8a0" time="0.003" /><testcase classname="BayesicFitting.test.TestBasicSplinesModel.Test" name="test8a1" time="0.004" /><testcase classname="BayesicFitting.test.TestBasicSplinesModel.Test" name="test8a2" time="0.006" /><testcase classname="BayesicFitting.test.TestBasicSplinesModel.Test" name="test8a4" time="0.012" /><testcase classname="BayesicFitting.test.TestBasicSplinesModel.Test" name="test9" time="0.007" /><testcase classname="BayesicFitting.test.TestBracketModel.TestBracketModel" name="testCompoundConstantModel" time="0.004" /><testcase classname="BayesicFitting.test.TestBracketModel.TestBracketModel" name="testConstantModel" time="0.001" /><testcase classname="BayesicFitting.test.TestBracketModel.TestBracketModel" name="testFixedModel" time="0.000" /><testcase classname="BayesicFitting.test.TestBracketModel.TestBracketModel" name="testGaussPlusBackgroundModel" time="0.003" /><testcase classname="BayesicFitting.test.TestBracketModel.TestBracketModel" name="testImplicit" time="0.007" /><testcase classname="BayesicFitting.test.TestBracketModel.TestBracketModel" name="testPolynomialModel" time="0.006" /><testcase classname="BayesicFitting.test.TestCombiModel.TestCombiModel" name="test1" time="0.001" /><testcase classname="BayesicFitting.test.TestCombiModel.TestCombiModel" name="test2" time="0.008" /><testcase classname="BayesicFitting.test.TestCombiModel.TestCombiModel" name="test3" time="0.007" /><testcase classname="BayesicFitting.test.TestCombiModel.TestCombiModel" name="test4" time="0.008" /><testcase classname="BayesicFitting.test.TestCombiModel.TestCombiModel" name="test5" time="0.006" /><testcase classname="BayesicFitting.test.TestCombiModel.TestCombiModel" name="test6" time="0.006" /><testcase classname="BayesicFitting.test.TestCompoundModel.Test" name="testLimits" time="0.006" /><testcase classname="BayesicFitting.test.TestCompoundModel.Test" name="testModelName" time="0.005" /><testcase classname="BayesicFitting.test.TestCompoundModel.Test" name="testOneModel" time="0.000" /><testcase classname="BayesicFitting.test.TestCompoundModel.Test" name="testOperations" time="0.002" /><testcase classname="BayesicFitting.test.TestCompoundModel.Test" name="testPipe1" time="0.008" /><testcase classname="BayesicFitting.test.TestCompoundModel.Test" name="testPipe2" time="0.010" /><testcase classname="BayesicFitting.test.TestCompoundModel.Test" name="testPipe3" time="0.025" /><testcase classname="BayesicFitting.test.TestCompoundModel.Test" name="testThreeModel" time="0.001" /><testcase classname="BayesicFitting.test.TestCompoundModel.Test" name="testThreeModelLimits" time="0.001" /><testcase classname="BayesicFitting.test.TestCompoundModel.Test" name="testTwoModel" time="0.001" /><testcase classname="BayesicFitting.test.TestCompoundModel.Test" name="testTwoModelDerivatives" time="0.001" /><testcase classname="BayesicFitting.test.TestCompoundModel.Test" name="testTwoModelDivideDerivatives" time="0.001" /><testcase classname="BayesicFitting.test.TestCompoundModel.Test" name="testTwoModelSubtractDerivatives" time="0.001" /><testcase classname="BayesicFitting.test.TestCurveFitter.TestCurveFitter" name="test1" time="0.008" /><testcase classname="BayesicFitting.test.TestCurveFitter.TestCurveFitter" name="test2" time="0.008" /><testcase classname="BayesicFitting.test.TestCurveFitter.TestCurveFitter" name="test3" time="0.011" /><testcase classname="BayesicFitting.test.TestDecisionTreeModel.Test" name="test1" time="0.008" /><testcase classname="BayesicFitting.test.TestDecisionTreeModel.Test" name="test1a" time="0.001" /><testcase classname="BayesicFitting.test.TestDecisionTreeModel.Test" name="test2" time="0.006" /><testcase classname="BayesicFitting.test.TestDecisionTreeModel.Test" name="test3" time="0.009" /><testcase classname="BayesicFitting.test.TestDecisionTreeModel.Test" name="test4" time="0.008" /><testcase classname="BayesicFitting.test.TestDecisionTreeModel.Test" name="test5" time="0.004" /><testcase classname="BayesicFitting.test.TestDecisionTreeModel.Test" name="test6" time="0.005" /><testcase classname="BayesicFitting.test.TestDecisionTreeModel.Test" name="test7" time="0.005" /><testcase classname="BayesicFitting.test.TestDecisionTreeModel.Test" name="testNestedSampler" time="1.329" /><testcase classname="BayesicFitting.test.TestDimensions.Test" name="test1" time="0.005" /><testcase classname="BayesicFitting.test.TestDimensions.Test" name="test2" time="0.003" /><testcase classname="BayesicFitting.test.TestDimensions.Test" name="test3" time="0.003" /><testcase classname="BayesicFitting.test.TestDimensions.Test" name="test4" time="0.003" /><testcase classname="BayesicFitting.test.TestDimensions.Test" name="test5" time="0.001" /><testcase classname="BayesicFitting.test.TestDistanceCostFunction.Test" name="test1" time="0.003" /><testcase classname="BayesicFitting.test.TestDriftModels.TestDriftModels" name="testEtalonDriftModel" time="0.004" /><testcase classname="BayesicFitting.test.TestDriftModels.TestDriftModels" name="testPolySineAmpModel" time="0.005" /><testcase classname="BayesicFitting.test.TestDynamicModel.Test" name="test1Model1" time="0.002" /><testcase classname="BayesicFitting.test.TestDynamicModel.Test" name="test1Model10" time="0.036" /><testcase classname="BayesicFitting.test.TestDynamicModel.Test" name="test1Model11" time="0.013" /><testcase classname="BayesicFitting.test.TestDynamicModel.Test" name="test1Model2" time="0.002" /><testcase classname="BayesicFitting.test.TestDynamicModel.Test" name="test1Model3" time="0.002" /><testcase classname="BayesicFitting.test.TestDynamicModel.Test" name="test1Model4" time="0.001" /><testcase classname="BayesicFitting.test.TestDynamicModel.Test" name="test1Model5" time="0.007" /><testcase classname="BayesicFitting.test.TestDynamicModel.Test" name="test1Model6" time="0.001" /><testcase classname="BayesicFitting.test.TestDynamicModel.Test" name="test1Model7" time="0.001" /><testcase classname="BayesicFitting.test.TestDynamicModel.Test" name="test1Model8" time="0.001" /><testcase classname="BayesicFitting.test.TestDynamicModel.Test" name="test1Model9" time="0.001" /><testcase classname="BayesicFitting.test.TestDynamicModel.Test" name="test2Model" time="0.015" /><testcase classname="BayesicFitting.test.TestDynamicModel.Test" name="testDynamic" time="0.001" /><testcase classname="BayesicFitting.test.TestDynamicModel.Test" name="testNS" time="9.336" /><testcase classname="BayesicFitting.test.TestDynamicModel.Test" name="testNestedSampler" time="1.862" /><testcase classname="BayesicFitting.test.TestDynamicModel.Test" name="testNestedSampler2" time="2.163" /><testcase classname="BayesicFitting.test.TestDynamicModel.Test" name="testNestedSampler3" time="6.940" /><testcase classname="BayesicFitting.test.TestEngine.TestEngine" name="testEngine" time="0.021" /><testcase classname="BayesicFitting.test.TestEngine2.Test" name="testChordEngine" time="0.293" /><testcase classname="BayesicFitting.test.TestEngine2.Test" name="testGalileanEngine" time="0.347" /><testcase classname="BayesicFitting.test.TestEngine2.Test" name="testGibbsEngine" time="0.088" /><testcase classname="BayesicFitting.test.TestEngine2.Test" name="testRandomEngine" time="0.315" /><testcase classname="BayesicFitting.test.TestEngine2.Test" name="testStepEngine" time="0.674" /><testcase classname="BayesicFitting.test.TestErrorDistribution.Test" name="testBernoulliErrorDistribution" time="0.004" /><testcase classname="BayesicFitting.test.TestErrorDistribution.Test" name="testCauchyErrorDistribution" time="0.005" /><testcase classname="BayesicFitting.test.TestErrorDistribution.Test" name="testExponentialErrorDistribution1" time="0.009" /><testcase classname="BayesicFitting.test.TestErrorDistribution.Test" name="testExponentialErrorDistribution2" time="0.008" /><testcase classname="BayesicFitting.test.TestErrorDistribution.Test" name="testGaussErrorDistribution" time="0.006" /><testcase classname="BayesicFitting.test.TestErrorDistribution.Test" name="testGaussErrorDistribution2" time="0.005" /><testcase classname="BayesicFitting.test.TestErrorDistribution.Test" name="testLaplaceErrorDistribution" time="0.006" /><testcase classname="BayesicFitting.test.TestErrorDistribution.Test" name="testMixedErrorDistribution" time="0.009" /><testcase classname="BayesicFitting.test.TestErrorDistribution.Test" name="testMixedErrorDistribution0" time="0.001" /><testcase classname="BayesicFitting.test.TestErrorDistribution.Test" name="testModelDistribution" time="0.001" /><testcase classname="BayesicFitting.test.TestErrorDistribution.Test" name="testPoissonErrorDistribution" time="0.006" /><testcase classname="BayesicFitting.test.TestErrorDistribution.Test" name="testUniformErrorDistribution" time="0.006" /><testcase classname="BayesicFitting.test.TestErrorDistribution2.Test" name="test1" time="0.021" /><testcase classname="BayesicFitting.test.TestErrorDistribution2.Test" name="testCauchyErrorDistribution" time="0.003" /><testcase classname="BayesicFitting.test.TestErrorDistribution2.Test" name="testExponentialErrorDistribution1" time="0.006" /><testcase classname="BayesicFitting.test.TestErrorDistribution2.Test" name="testGaussErrorDistribution" time="0.007" /><testcase classname="BayesicFitting.test.TestErrorDistribution2.Test" name="testGaussErrorDistribution2" time="0.009" /><testcase classname="BayesicFitting.test.TestErrorDistribution2.Test" name="testLaplaceErrorDistribution" time="0.003" /><testcase classname="BayesicFitting.test.TestErrorDistribution2.Test" name="testUniformErrorDistribution" time="0.003" /><testcase classname="BayesicFitting.test.TestEvidence.TestEvidence" name="testEvidence" time="0.001" /><testcase classname="BayesicFitting.test.TestEvidence.TestEvidence" name="testGauss" time="0.024" /><testcase classname="BayesicFitting.test.TestEvidence.TestEvidence" name="testLaplace" time="0.008" /><testcase classname="BayesicFitting.test.TestEvidence.TestEvidence" name="testSimple1" time="0.011" /><testcase classname="BayesicFitting.test.TestEvidence.TestEvidence" name="testSimpleLaplace1" time="0.008" /><testcase classname="BayesicFitting.test.TestEvidence2.Test" name="test1" time="2.117" /><testcase classname="BayesicFitting.test.TestEvidence2.Test" name="test1a" time="4.138" /><testcase classname="BayesicFitting.test.TestEvidence2.Test" name="test2" time="4.763" /><testcase classname="BayesicFitting.test.TestEvidence2.Test" name="test2_1" time="4.951" /><testcase classname="BayesicFitting.test.TestEvidence2.Test" name="test3" time="5.914" /><testcase classname="BayesicFitting.test.TestEvidence2.Test" name="test4" time="4.839" /><testcase classname="BayesicFitting.test.TestEvidence2.Test" name="test5" time="26.025" /><testcase classname="BayesicFitting.test.TestEvidence2.Test" name="test5a" time="58.846" /><testcase classname="BayesicFitting.test.TestEvidence2.Test" name="test6" time="3.162" /><testcase classname="BayesicFitting.test.TestEvidence2.Test" name="test6_0" time="1.007" /><testcase classname="BayesicFitting.test.TestEvidence2.Test" name="test7" time="5.000" /><testcase classname="BayesicFitting.test.TestEvidence2.Test" name="test8" time="6.455" /><testcase classname="BayesicFitting.test.TestEvidencePhantoms2.Test" name="test1" time="0.410" /><testcase classname="BayesicFitting.test.TestEvidencePhantoms2.Test" name="test2" time="1.777" /><testcase classname="BayesicFitting.test.TestEvidencePhantoms2.Test" name="test2_1" time="1.760" /><testcase classname="BayesicFitting.test.TestEvidencePhantoms2.Test" name="test3" time="1.937" /><testcase classname="BayesicFitting.test.TestEvidencePhantoms2.Test" name="test4" time="4.721" /><testcase classname="BayesicFitting.test.TestEvidencePhantoms2.Test" name="test5_1" time="27.597" /><testcase classname="BayesicFitting.test.TestEvidencePhantoms2.Test" name="test5_10" time="4.261" /><testcase classname="BayesicFitting.test.TestEvidencePhantoms2.Test" name="test5_2" time="11.327" /><testcase classname="BayesicFitting.test.TestEvidencePhantoms2.Test" name="test5_4" time="5.220" /><testcase classname="BayesicFitting.test.TestEvidencePhantoms2.Test" name="test5_5" time="4.293" /><testcase classname="BayesicFitting.test.TestEvidencePhantoms2.Test" name="test6" time="1.465" /><testcase classname="BayesicFitting.test.TestEvidencePhantoms2.Test" name="test6_0" time="0.350" /><testcase classname="BayesicFitting.test.TestEvidencePhantoms2.Test" name="test7" time="2.274" /><testcase classname="BayesicFitting.test.TestEvidencePhantoms2.Test" name="test8" time="1.390" /><testcase classname="BayesicFitting.test.TestFitter.Test" name="test3" time="0.003" /><testcase classname="BayesicFitting.test.TestFitter.Test" name="test4" time="4.310" /><testcase classname="BayesicFitting.test.TestFitter.Test" name="test6" time="0.061" /><testcase classname="BayesicFitting.test.TestFitter.Test" name="test7" time="0.068" /><testcase classname="BayesicFitting.test.TestFitter.Test" name="testNormalize" time="0.003" /><testcase classname="BayesicFitting.test.TestFitter.Test" name="testStraightLineParameter" time="0.176" /><testcase classname="BayesicFitting.test.TestFixedModels.TestFixedModels" name="testArctanModel" time="0.003" /><testcase classname="BayesicFitting.test.TestFixedModels.TestFixedModels" name="testChebyshevPolynomialModel" time="0.004" /><testcase classname="BayesicFitting.test.TestFixedModels.TestFixedModels" name="testEtalonModel" time="0.003" /><testcase classname="BayesicFitting.test.TestFixedModels.TestFixedModels" name="testEtalonModel2" time="0.005" /><testcase classname="BayesicFitting.test.TestFixedModels.TestFixedModels" name="testEtalonModel3" time="0.011" /><testcase classname="BayesicFitting.test.TestFixedModels.TestFixedModels" name="testExpModel" time="0.003" /><testcase classname="BayesicFitting.test.TestFixedModels.TestFixedModels" name="testGaussModel" time="0.003" /><testcase classname="BayesicFitting.test.TestFixedModels.TestFixedModels" name="testGaussPlusBackgroundModel" time="0.005" /><testcase classname="BayesicFitting.test.TestFixedModels.TestFixedModels" name="testHarmonicModel" time="0.004" /><testcase classname="BayesicFitting.test.TestFixedModels.TestFixedModels" name="testLorentzModel" time="0.003" /><testcase classname="BayesicFitting.test.TestFixedModels.TestFixedModels" name="testPadeModel" time="0.006" /><testcase classname="BayesicFitting.test.TestFixedModels.TestFixedModels" name="testPolynomialModel" time="0.011" /><testcase classname="BayesicFitting.test.TestFixedModels.TestFixedModels" name="testPowerLawModel" time="0.003" /><testcase classname="BayesicFitting.test.TestFixedModels.TestFixedModels" name="testPowerModel" time="0.002" /><testcase classname="BayesicFitting.test.TestFixedModels.TestFixedModels" name="testSincModel" time="0.003" /><testcase classname="BayesicFitting.test.TestFixedModels.TestFixedModels" name="testSineAmpModel" time="0.003" /><testcase classname="BayesicFitting.test.TestFixedModels.TestFixedModels" name="testSineDriftModel" time="0.003" /><testcase classname="BayesicFitting.test.TestFixedModels.TestFixedModels" name="testSineModel" time="0.003" /><testcase classname="BayesicFitting.test.TestFixedModels.TestFixedModels" name="testSineSplineDriftModel" time="0.000" /><testcase classname="BayesicFitting.test.TestFixedModels.TestFixedModels" name="testSineSplineModel" time="0.000" /><testcase classname="BayesicFitting.test.TestFixedModels.TestFixedModels" name="testSplinesModel" time="0.006" /><testcase classname="BayesicFitting.test.TestFixedModels.TestFixedModels" name="testVoigtModel" time="0.004" /><testcase classname="BayesicFitting.test.TestFootballModel.Test" name="test1" time="0.001" /><testcase classname="BayesicFitting.test.TestFootballModel.Test" name="test2" time="0.001" /><testcase classname="BayesicFitting.test.TestFootballModel.Test" name="test3" time="0.005" /><testcase classname="BayesicFitting.test.TestFootballModel.Test" name="test5" time="0.001" /><testcase classname="BayesicFitting.test.TestFormatter.TestFormatter" name="test1" time="0.001" /><testcase classname="BayesicFitting.test.TestFormatter.TestFormatter" name="test2" time="0.001" /><testcase classname="BayesicFitting.test.TestFormatter.TestFormatter" name="test3" time="0.001" /><testcase classname="BayesicFitting.test.TestFormatter.TestFormatter" name="test4" time="0.001" /><testcase classname="BayesicFitting.test.TestFreeShapeModel.TestFreeShapeModel" name="test1" time="0.015" /><testcase classname="BayesicFitting.test.TestFreeShapeModel.TestFreeShapeModel" name="test2" time="0.021" /><testcase classname="BayesicFitting.test.TestFreeShapeModel.TestFreeShapeModel" name="test4" time="0.000" /><testcase classname="BayesicFitting.test.TestFreeShapeModel.TestFreeShapeModel" name="test5" time="0.000" /><testcase classname="BayesicFitting.test.TestImageAssistant.TestImageAssistant" name="testImageAssistant3dC" time="0.001" /><testcase classname="BayesicFitting.test.TestImageAssistant.TestImageAssistant" name="testImageAssistant3dF" time="0.001" /><testcase classname="BayesicFitting.test.TestImageAssistant.TestImageAssistant" name="testImageAssistantC" time="0.001" /><testcase classname="BayesicFitting.test.TestImageAssistant.TestImageAssistant" name="testImageAssistantF" time="0.001" /><testcase classname="BayesicFitting.test.TestKepplers2ndLaw.TestKepplers2ndLaw" name="test1" time="0.007" /><testcase classname="BayesicFitting.test.TestKepplers2ndLaw.TestKepplers2ndLaw" name="test2" time="0.005" /><testcase classname="BayesicFitting.test.TestKepplers2ndLaw.TestKepplers2ndLaw" name="test3" time="0.002" /><testcase classname="BayesicFitting.test.TestKepplers2ndLaw.TestKepplers2ndLaw" name="test4" time="0.002" /><testcase classname="BayesicFitting.test.TestKernel2dModel.TestKernel2dModel" name="testKernel2dModelCosine" time="0.001" /><testcase classname="BayesicFitting.test.TestKernel2dModel.TestKernel2dModel" name="testKernel2dModelDefault" time="0.001" /><testcase classname="BayesicFitting.test.TestKernels.TestKernels" name="testGauss" time="0.001" /><testcase classname="BayesicFitting.test.TestKernels.TestKernels" name="testHuber" time="0.000" /><testcase classname="BayesicFitting.test.TestKernels.TestKernels" name="testKernels" time="0.038" /><testcase classname="BayesicFitting.test.TestKernels.TestKernels" name="testTHC" time="0.025" /><testcase classname="BayesicFitting.test.TestKernels.TestKernels" name="testonex" time="0.001" /><testcase classname="BayesicFitting.test.TestLMFitter.Test" name="test1" time="0.005" /><testcase classname="BayesicFitting.test.TestLMFitter.Test" name="test2" time="0.002" /><testcase classname="BayesicFitting.test.TestLMFitter.Test" name="test3" time="0.043" /><testcase classname="BayesicFitting.test.TestLMFitter.Test" name="test4" time="0.019" /><testcase classname="BayesicFitting.test.TestLMFitter.Test" name="test5" time="0.006" /><testcase classname="BayesicFitting.test.TestLMFitter.Test" name="test6" time="1.991" /><testcase classname="BayesicFitting.test.TestLogFactorial.TestLogFactorial" name="testLogFactorial" time="0.001" /><testcase classname="BayesicFitting.test.TestModels.Test" name="test0" time="0.002" /><testcase classname="BayesicFitting.test.TestModels.Test" name="testArctanFixedModel" time="0.003" /><testcase classname="BayesicFitting.test.TestModels.Test" name="testArctanModel" time="0.003" /><testcase classname="BayesicFitting.test.TestModels.Test" name="testBSplinesModel" time="0.012" /><testcase classname="BayesicFitting.test.TestModels.Test" name="testBasicSplinesModel" time="0.024" /><testcase classname="BayesicFitting.test.TestModels.Test" name="testChebyshevPolynomialModel" time="0.004" /><testcase classname="BayesicFitting.test.TestModels.Test" name="testConstantModel" time="0.013" /><testcase classname="BayesicFitting.test.TestModels.Test" name="testEtalonModel" time="0.003" /><testcase classname="BayesicFitting.test.TestModels.Test" name="testExpModel" time="0.005" /><testcase classname="BayesicFitting.test.TestModels.Test" name="testFixedPolynomialModel" time="0.004" /><testcase classname="BayesicFitting.test.TestModels.Test" name="testFreeShapeModel" time="0.008" /><testcase classname="BayesicFitting.test.TestModels.Test" name="testGaussModel" time="0.003" /><testcase classname="BayesicFitting.test.TestModels.Test" name="testGaussPlusBackgroundModel" time="0.005" /><testcase classname="BayesicFitting.test.TestModels.Test" name="testHarmonicModel" time="0.005" /><testcase classname="BayesicFitting.test.TestModels.Test" name="testLogisticModel" time="0.003" /><testcase classname="BayesicFitting.test.TestModels.Test" name="testLorentzModel" time="0.003" /><testcase classname="BayesicFitting.test.TestModels.Test" name="testPadeModel" time="0.005" /><testcase classname="BayesicFitting.test.TestModels.Test" name="testPhaseSineModel" time="0.003" /><testcase classname="BayesicFitting.test.TestModels.Test" name="testPolynomialModel" time="0.004" /><testcase classname="BayesicFitting.test.TestModels.Test" name="testPowerLawModel" time="0.003" /><testcase classname="BayesicFitting.test.TestModels.Test" name="testPowerModel" time="0.003" /><testcase classname="BayesicFitting.test.TestModels.Test" name="testPseudoVoigtModel" time="0.004" /><testcase classname="BayesicFitting.test.TestModels.Test" name="testRadialVelocityModel" time="0.005" /><testcase classname="BayesicFitting.test.TestModels.Test" name="testRadialVelocityModel_2" time="0.005" /><testcase classname="BayesicFitting.test.TestModels.Test" name="testSincModel" time="0.003" /><testcase classname="BayesicFitting.test.TestModels.Test" name="testSineAmpModel" time="0.003" /><testcase classname="BayesicFitting.test.TestModels.Test" name="testSineDriftModel" time="0.003" /><testcase classname="BayesicFitting.test.TestModels.Test" name="testSineModel" time="0.003" /><testcase classname="BayesicFitting.test.TestModels.Test" name="testSineSplineDriftModel" time="0.014" /><testcase classname="BayesicFitting.test.TestModels.Test" name="testSineSplineModel" time="0.010" /><testcase classname="BayesicFitting.test.TestModels.Test" name="testSplinesModel" time="0.006" /><testcase classname="BayesicFitting.test.TestModels.Test" name="testToString" time="0.001" /><testcase classname="BayesicFitting.test.TestModels.Test" name="testVoigtModel" time="0.003" /><testcase classname="BayesicFitting.test.TestModifiable.Test" name="test1" time="4.341" /><testcase classname="BayesicFitting.test.TestModifiable.Test" name="test2" time="23.718" /><testcase classname="BayesicFitting.test.TestModifiable.Test" name="test3" time="2.435" /><testcase classname="BayesicFitting.test.TestModifiable.Test" name="test4" time="13.382" /><testcase classname="BayesicFitting.test.TestModifiable.Test" name="test5" time="43.675" /><testcase classname="BayesicFitting.test.TestModifiable.Test" name="test6" time="0.019" /><testcase classname="BayesicFitting.test.TestModifiable.Test" name="test7" time="43.100" /><testcase classname="BayesicFitting.test.TestModifiable.Test" name="test8" time="1155.162" /><testcase classname="BayesicFitting.test.TestModifiable.Test" name="test8a" time="54.171" /><testcase classname="BayesicFitting.test.TestMonteCarlo.TestMonteCarlo" name="testMonteCarlo1" time="0.087" /><testcase classname="BayesicFitting.test.TestMonteCarlo.TestMonteCarlo" name="testMonteCarlo2" time="0.020" /><testcase classname="BayesicFitting.test.TestMonteCarlo.TestMonteCarlo" name="testMonteCarlo3" time="2.470" /><testcase classname="BayesicFitting.test.TestNLFitters.TestNLFitters" name="testAmoebaFitter" time="0.460" /><testcase classname="BayesicFitting.test.TestNLFitters.TestNLFitters" name="testAmoebaFitter2" time="17.170" /><testcase classname="BayesicFitting.test.TestNLFitters.TestNLFitters" name="testAmoebaFitter3" time="17.319" /><testcase classname="BayesicFitting.test.TestNLFitters.TestNLFitters" name="testAmoebaFitter4" time="17.373" /><testcase classname="BayesicFitting.test.TestNLFitters.TestNLFitters" name="testBfgsFitter" time="0.056" /><testcase classname="BayesicFitting.test.TestNLFitters.TestNLFitters" name="testCobylaFitter" time="0.265" /><testcase classname="BayesicFitting.test.TestNLFitters.TestNLFitters" name="testConjugateGradientFitter" time="0.076" /><testcase classname="BayesicFitting.test.TestNLFitters.TestNLFitters" name="testDoglegFitter" time="0.067" /><testcase classname="BayesicFitting.test.TestNLFitters.TestNLFitters" name="testLbfgsbFitter" time="0.050" /><testcase classname="BayesicFitting.test.TestNLFitters.TestNLFitters" name="testNelderMeadFitter1" time="1.747" /><testcase classname="BayesicFitting.test.TestNLFitters.TestNLFitters" name="testNelderMeadFitter2" time="82.347" /><testcase classname="BayesicFitting.test.TestNLFitters.TestNLFitters" name="testNelderMeadFitter3" time="0.012" /><testcase classname="BayesicFitting.test.TestNLFitters.TestNLFitters" name="testNewtonCgFitter" time="0.053" /><testcase classname="BayesicFitting.test.TestNLFitters.TestNLFitters" name="testPowellFitter" time="0.502" /><testcase classname="BayesicFitting.test.TestNLFitters.TestNLFitters" name="testSlsqpFitter" time="0.051" /><testcase classname="BayesicFitting.test.TestNLFitters.TestNLFitters" name="testTncFitter" time="0.058" /><testcase classname="BayesicFitting.test.TestNLFitters.TestNLFitters" name="testTrustNcgFitter" time="0.164" /><testcase classname="BayesicFitting.test.TestNNUtilities.Test" name="test1" time="0.001" /><testcase classname="BayesicFitting.test.TestNNUtilities.Test" name="test2" time="0.001" /><testcase classname="BayesicFitting.test.TestNNUtilities.Test" name="test3" time="0.001" /><testcase classname="BayesicFitting.test.TestNNUtilities.Test" name="test4" time="0.001" /><testcase classname="BayesicFitting.test.TestNNUtilities.Test" name="test5" time="0.001" /><testcase classname="BayesicFitting.test.TestNNUtilities.Test" name="test6" time="0.003" /><testcase classname="BayesicFitting.test.TestNestedSampler.Test" name="test0" time="0.020" /><testcase classname="BayesicFitting.test.TestNestedSampler.Test" name="test1" time="7.786" /><testcase classname="BayesicFitting.test.TestNestedSampler.Test" name="test2a" time="20.422" /><testcase classname="BayesicFitting.test.TestNestedSampler.Test" name="test2b" time="41.425" /><testcase classname="BayesicFitting.test.TestNestedSampler.Test" name="test2c" time="26.520" /><testcase classname="BayesicFitting.test.TestNestedSampler.Test" name="test2d" time="47.404" /><testcase classname="BayesicFitting.test.TestNestedSampler.Test" name="test3" time="83.034" /><testcase classname="BayesicFitting.test.TestNestedSampler.Test" name="test4" time="60.709" /><testcase classname="BayesicFitting.test.TestNestedSolver.Test" name="testSolve1" time="104.060" /><testcase classname="BayesicFitting.test.TestNestedSolver.Test" name="testSolve2" time="435.180" /><testcase classname="BayesicFitting.test.TestOrderEngines.Test" name="test1" time="0.126" /><testcase classname="BayesicFitting.test.TestOrderEngines.Test" name="test2" time="0.115" /><testcase classname="BayesicFitting.test.TestOrderEngines.Test" name="test3" time="0.120" /><testcase classname="BayesicFitting.test.TestOrderEngines.Test" name="test4" time="0.115" /><testcase classname="BayesicFitting.test.TestOrderEngines.Test" name="test5" time="0.536" /><testcase classname="BayesicFitting.test.TestOrderEngines.Test" name="test6" time="0.143" /><testcase classname="BayesicFitting.test.TestOrderEngines.Test" name="teststart1" time="0.004" /><testcase classname="BayesicFitting.test.TestOrthonormalBasis.TestOrthonormalBasis" name="testbasis" time="0.002" /><testcase classname="BayesicFitting.test.TestPhantomCollection.Test" name="test1" time="0.003" /><testcase classname="BayesicFitting.test.TestPhantomCollection.Test" name="test2" time="0.017" /><testcase classname="BayesicFitting.test.TestPhantomSampler.TestPhantomSampler" name="test1" time="1.984" /><testcase classname="BayesicFitting.test.TestPhantomSampler.TestPhantomSampler" name="test2a" time="4.301" /><testcase classname="BayesicFitting.test.TestPhantomSampler.TestPhantomSampler" name="test2b" time="4.903" /><testcase classname="BayesicFitting.test.TestPhantomSampler.TestPhantomSampler" name="test4" time="10.511" /><testcase classname="BayesicFitting.test.TestPipeModel.Test" name="testPipe1" time="0.015" /><testcase classname="BayesicFitting.test.TestPipeModel.Test" name="testPipe10" time="0.016" /><testcase classname="BayesicFitting.test.TestPipeModel.Test" name="testPipe2" time="0.011" /><testcase classname="BayesicFitting.test.TestPipeModel.Test" name="testPipe3" time="0.025" /><testcase classname="BayesicFitting.test.TestPipeModel.Test" name="testPipe4" time="0.013" /><testcase classname="BayesicFitting.test.TestPipeModel.Test" name="testPipe5" time="0.012" /><testcase classname="BayesicFitting.test.TestPipeModel.Test" name="testPipe6" time="0.009" /><testcase classname="BayesicFitting.test.TestPipeModel.Test" name="testPipe7" time="0.016" /><testcase classname="BayesicFitting.test.TestPipeModel.Test" name="testPipe7a" time="0.000" /><testcase classname="BayesicFitting.test.TestPipeModel.Test" name="testPipe8" time="0.010" /><testcase classname="BayesicFitting.test.TestPipeModel.Test" name="testPipe9" time="0.013" /><testcase classname="BayesicFitting.test.TestPlot.TestPlot" name="test" time="0.000" /><testcase classname="BayesicFitting.test.TestPrior.Test" name="testCauchyPrior" time="0.002" /><testcase classname="BayesicFitting.test.TestPrior.Test" name="testCauchyPrior1" time="0.001" /><testcase classname="BayesicFitting.test.TestPrior.Test" name="testCauchyPrior2" time="0.001" /><testcase classname="BayesicFitting.test.TestPrior.Test" name="testCircularUniformPrior" time="0.004" /><testcase classname="BayesicFitting.test.TestPrior.Test" name="testExponentialPrior" time="0.003" /><testcase classname="BayesicFitting.test.TestPrior.Test" name="testGaussPrior" time="0.005" /><testcase classname="BayesicFitting.test.TestPrior.Test" name="testGaussPrior1" time="0.002" /><testcase classname="BayesicFitting.test.TestPrior.Test" name="testGaussPrior2" time="0.001" /><testcase classname="BayesicFitting.test.TestPrior.Test" name="testJeffreysPrior" time="0.003" /><testcase classname="BayesicFitting.test.TestPrior.Test" name="testLaplacePrior" time="0.002" /><testcase classname="BayesicFitting.test.TestPrior.Test" name="testLaplacePrior1" time="0.001" /><testcase classname="BayesicFitting.test.TestPrior.Test" name="testLaplacePrior2" time="0.001" /><testcase classname="BayesicFitting.test.TestPrior.Test" name="testUniformPrior" time="0.002" /><testcase classname="BayesicFitting.test.TestProblem.Test" name="test1" time="0.001" /><testcase classname="BayesicFitting.test.TestProblem.Test" name="test2" time="0.009" /><testcase classname="BayesicFitting.test.TestProblem.Test" name="test2a" time="0.001" /><testcase classname="BayesicFitting.test.TestProblem.Test" name="test2b" time="0.001" /><testcase classname="BayesicFitting.test.TestProblem.Test" name="test2c" time="0.001" /><testcase classname="BayesicFitting.test.TestProblem.Test" name="test2d" time="0.001" /><testcase classname="BayesicFitting.test.TestProblem.Test" name="test2e" time="0.002" /><testcase classname="BayesicFitting.test.TestProblem.Test" name="test2f" time="0.002" /><testcase classname="BayesicFitting.test.TestProblem.Test" name="test3" time="48.238" /><testcase classname="BayesicFitting.test.TestProblem.Test" name="test4" time="6.430" /><testcase classname="BayesicFitting.test.TestProblem.Test" name="test5" time="0.003" /><testcase classname="BayesicFitting.test.TestProblem.Test" name="test7" time="0.004" /><testcase classname="BayesicFitting.test.TestProblem.Test" name="test7a" time="3.262" /><testcase classname="BayesicFitting.test.TestProblem.Test" name="testcr1" time="0.001" /><testcase classname="BayesicFitting.test.TestProblem.Test" name="testcr2" time="0.001" /><testcase classname="BayesicFitting.test.TestProblem.Test" name="testcr3" time="0.001" /><testcase classname="BayesicFitting.test.TestProblem.Test" name="testcr4" time="0.001" /><testcase classname="BayesicFitting.test.TestProblem.Test" name="testcr5" time="0.001" /><testcase classname="BayesicFitting.test.TestQRFitter.TestQRFitter" name="testStraightLineParameter" time="0.009" /><testcase classname="BayesicFitting.test.TestRobustShell.TestRobustShell" name="test1" time="0.008" /><testcase classname="BayesicFitting.test.TestRobustShell.TestRobustShell" name="test2" time="0.024" /><testcase classname="BayesicFitting.test.TestSalesmanProblem.Test" name="test1" time="0.005" /><testcase classname="BayesicFitting.test.TestSalesmanProblem.Test" name="test2" time="0.005" /><testcase classname="BayesicFitting.test.TestSalesmanProblem.Test" name="test3" time="0.011" /><testcase classname="BayesicFitting.test.TestSalesmanProblem.Test" name="test4" time="0.005" /><testcase classname="BayesicFitting.test.TestSampleList.TestSampleList" name="testSampleList" time="0.008" /><testcase classname="BayesicFitting.test.TestSoftMaxModel.Test" name="test1" time="0.001" /><testcase classname="BayesicFitting.test.TestSoftMaxModel.Test" name="test1a" time="0.008" /><testcase classname="BayesicFitting.test.TestSoftMaxModel.Test" name="test1b" time="0.009" /><testcase classname="BayesicFitting.test.TestSoftMaxModel.Test" name="test2a" time="0.006" /><testcase classname="BayesicFitting.test.TestSoftMaxModel.Test" name="test2b" time="0.006" /><testcase classname="BayesicFitting.test.TestSoftMaxModel.Test" name="test3" time="0.007" /><testcase classname="BayesicFitting.test.TestSoftMaxModel.Test" name="test4a" time="0.003" /><testcase classname="BayesicFitting.test.TestSoftMaxModel.Test" name="test4b" time="0.003" /><testcase classname="BayesicFitting.test.TestSoftMaxModel.Test" name="test4c" time="0.003" /><testcase classname="BayesicFitting.test.TestSoftMaxModel.Test" name="test4d" time="0.002" /><testcase classname="BayesicFitting.test.TestSoftMaxModel.Test" name="test5" time="1.219" /><testcase classname="BayesicFitting.test.TestSoftMaxModel.Test" name="test6" time="5.335" /><testcase classname="BayesicFitting.test.TestSoftMaxModel.Test" name="test6a" time="0.003" /><testcase classname="BayesicFitting.test.TestSoftMaxModel.Test" name="test7" time="5.929" /><testcase classname="BayesicFitting.test.TestStartEngine.TestEngine" name="testEngine" time="0.021" /><testcase classname="BayesicFitting.test.TestStartEngine.TestStartEngine" name="testEngine" time="0.021" /><testcase classname="BayesicFitting.test.TestStartEngine.TestStartEngine" name="testStartEngine" time="0.023" /><testcase classname="BayesicFitting.test.TestStellarOrbitModel.Test" name="test1" time="0.000" /><testcase classname="BayesicFitting.test.TestStellarOrbitModel.Test" name="test2" time="0.006" /><testcase classname="BayesicFitting.test.TestStellarOrbitModel.Test" name="test3" time="0.006" /><testcase classname="BayesicFitting.test.TestStellarOrbitModel.Test" name="test4" time="0.002" /><testcase classname="BayesicFitting.test.TestStellarOrbitModel.Test" name="test5" time="19.376" /><testcase classname="BayesicFitting.test.TestTools.Test" name="testATestClass" time="0.001" /><testcase classname="BayesicFitting.test.TestTools.Test" name="testAverage" time="0.002" /><testcase classname="BayesicFitting.test.TestTools.Test" name="testBaseModel" time="0.000" /><testcase classname="BayesicFitting.test.TestTools.Test" name="testFirstIndex" time="0.000" /><testcase classname="BayesicFitting.test.TestTools.Test" name="testIsBetween" time="0.000" /><testcase classname="BayesicFitting.test.TestTools.Test" name="testLength" time="0.001" /><testcase classname="BayesicFitting.test.TestTools.Test" name="testMakeNext" time="0.001" /><testcase classname="BayesicFitting.test.TestTools.Test" name="testNicenumber" time="0.001" /><testcase classname="BayesicFitting.test.TestTools.Test" name="testPrintClass" time="0.004" /><testcase classname="BayesicFitting.test.TestTools.Test" name="testSubclassof" time="0.001" /><testcase classname="BayesicFitting.test.TestTools.Test" name="testToArray" time="0.001" /><testcase classname="BayesicFitting.test.TestTools.Test" name="testtoday" time="0.002" /><testcase classname="BayesicFitting.test.TestUserModel.Test" name="test1" time="0.004" /><testcase classname="BayesicFitting.test.TestUserModel.Test" name="test2" time="0.003" /><testcase classname="BayesicFitting.test.TestUserModel.Test" name="test3" time="0.001" /><testcase classname="BayesicFitting.test.TestWalkerList.Test" name="test1" time="0.002" /><testcase classname="BayesicFitting.test.TestWalkerList.Test" name="testWalkerList" time="0.002" /><testcase classname="BayesicFitting.test.TestWeight2.TestWeight2" name="test0" time="0.000" /><testcase classname="BayesicFitting.test.TestWeight2.TestWeight2" name="test1" time="0.015" /><testcase classname="BayesicFitting.test.TestWeight2.TestWeight2" name="test2" time="0.004" /><testcase classname="BayesicFitting.test.TestWeights.Test" name="testPlot" time="0.001" /><testcase classname="BayesicFitting.test.TestWeights.Test" name="testWeights1" time="4.472" /><testcase classname="BayesicFitting.test.TestWeights.Test" name="testWeights2" time="7.785" /><testcase classname="BayesicFitting.test.TestWeights.Test" name="testWeights3" time="4.429" /><testcase classname="BayesicFitting.test.TestWeights.Test" name="testWeights4" time="4.404" /><testcase classname="BayesicFitting.test.TestWeights.Test" name="testWeights5" time="4.424" /></testsuite></testsuites>